-encoding
UTF-8
-outxml
-source
1.7
-target
1.7
-classpath
C:\Users\Math\.m2\repository\antlr\antlr\2.7.7\antlr-2.7.7.jar;C:\Users\Math\.m2\repository\aopalliance\aopalliance\1.0\aopalliance-1.0.jar;C:\Users\Math\.m2\repository\commons-codec\commons-codec\1.6\commons-codec-1.6.jar;C:\Users\Math\.m2\repository\commons-io\commons-io\2.1\commons-io-2.1.jar;C:\Users\Math\.m2\repository\dom4j\dom4j\1.6.1\dom4j-1.6.1.jar;C:\Users\Math\.m2\repository\javax\persistence\persistence-api\1.0\persistence-api-1.0.jar;C:\Users\Math\.m2\repository\javax\servlet\servlet-api\2.5\servlet-api-2.5.jar;C:\Users\Math\.m2\repository\javax\validation\validation-api\1.0.0.GA\validation-api-1.0.0.GA.jar;C:\Users\Math\.m2\repository\jstl\jstl\1.2\jstl-1.2.jar;C:\Users\Math\.m2\repository\junit\junit\4.10\junit-4.10.jar;C:\Users\Math\.m2\repository\log4j\log4j\1.2.16\log4j-1.2.16.jar;C:\Users\Math\.m2\repository\net\sf\flexjson\flexjson\2.1\flexjson-2.1.jar;C:\Users\Math\.m2\repository\org\apache\commons\commons-lang3\3.1\commons-lang3-3.1.jar;C:\Users\Math\.m2\repository\org\aspectj\aspectjrt\1.6.12\aspectjrt-1.6.12.jar;C:\Users\Math\.m2\repository\org\aspectj\aspectjweaver\1.6.12\aspectjweaver-1.6.12.jar;C:\Users\Math\.m2\repository\org\hibernate\hibernate-core\4.1.7.Final\hibernate-core-4.1.7.Final.jar;C:\Users\Math\.m2\repository\org\hibernate\hibernate-entitymanager\4.1.7.Final\hibernate-entitymanager-4.1.7.Final.jar;C:\Users\Math\.m2\repository\org\hibernate\hibernate-validator\4.2.0.Final\hibernate-validator-4.2.0.Final.jar;C:\Users\Math\.m2\repository\org\hibernate\common\hibernate-commons-annotations\4.0.1.Final\hibernate-commons-annotations-4.0.1.Final.jar;C:\Users\Math\.m2\repository\org\hibernate\javax\persistence\hibernate-jpa-2.0-api\1.0.1.Final\hibernate-jpa-2.0-api-1.0.1.Final.jar;C:\Users\Math\.m2\repository\org\hsqldb\hsqldb\2.2.8\hsqldb-2.2.8.jar;C:\Users\Math\.m2\repository\org\javassist\javassist\3.15.0-GA\javassist-3.15.0-GA.jar;C:\Users\Math\.m2\repository\org\jboss\logging\jboss-logging\3.1.0.GA\jboss-logging-3.1.0.GA.jar;C:\Users\Math\.m2\repository\org\jboss\spec\javax\transaction\jboss-transaction-api_1.1_spec\1.0.0.Final\jboss-transaction-api_1.1_spec-1.0.0.Final.jar;C:\Users\Math\.m2\repository\org\slf4j\jcl-over-slf4j\1.6.4\jcl-over-slf4j-1.6.4.jar;C:\Users\Math\.m2\repository\org\slf4j\slf4j-api\1.6.4\slf4j-api-1.6.4.jar;C:\Users\Math\.m2\repository\org\slf4j\slf4j-log4j12\1.6.4\slf4j-log4j12-1.6.4.jar;C:\Users\Math\.m2\repository\org\springframework\spring-aop\3.1.0.RELEASE\spring-aop-3.1.0.RELEASE.jar;C:\Users\Math\.m2\repository\org\springframework\spring-asm\3.1.0.RELEASE\spring-asm-3.1.0.RELEASE.jar;C:\Users\Math\.m2\repository\org\springframework\spring-aspects\3.1.0.RELEASE\spring-aspects-3.1.0.RELEASE.jar;C:\Users\Math\.m2\repository\org\springframework\spring-beans\3.1.0.RELEASE\spring-beans-3.1.0.RELEASE.jar;C:\Users\Math\.m2\repository\org\springframework\spring-context\3.1.0.RELEASE\spring-context-3.1.0.RELEASE.jar;C:\Users\Math\.m2\repository\org\springframework\spring-context-support\3.1.0.RELEASE\spring-context-support-3.1.0.RELEASE.jar;C:\Users\Math\.m2\repository\org\springframework\spring-core\3.1.0.RELEASE\spring-core-3.1.0.RELEASE.jar;C:\Users\Math\.m2\repository\org\springframework\spring-expression\3.1.0.RELEASE\spring-expression-3.1.0.RELEASE.jar;C:\Users\Math\.m2\repository\org\springframework\spring-jdbc\3.0.6.RELEASE\spring-jdbc-3.0.6.RELEASE.jar;C:\Users\Math\.m2\repository\org\springframework\spring-orm\3.1.0.RELEASE\spring-orm-3.1.0.RELEASE.jar;C:\Users\Math\.m2\repository\org\springframework\spring-test\3.1.0.RELEASE\spring-test-3.1.0.RELEASE.jar;C:\Users\Math\.m2\repository\org\springframework\spring-tx\3.0.6.RELEASE\spring-tx-3.0.6.RELEASE.jar;C:\Users\Math\.m2\repository\org\springframework\spring-web\3.1.0.RELEASE\spring-web-3.1.0.RELEASE.jar;C:\Users\Math\.m2\repository\org\springframework\spring-webmvc\3.1.0.RELEASE\spring-webmvc-3.1.0.RELEASE.jar;C:\Users\Math\.m2\repository\org\springframework\roo\org.springframework.roo.annotations\1.2.1.RELEASE\org.springframework.roo.annotations-1.2.1.RELEASE.jar;C:\Users\Math\.m2\repository\org\springframework\security\spring-security-config\3.1.0.RELEASE\spring-security-config-3.1.0.RELEASE.jar;C:\Users\Math\.m2\repository\org\springframework\security\spring-security-core\3.1.0.RELEASE\spring-security-core-3.1.0.RELEASE.jar;C:\Users\Math\.m2\repository\org\springframework\security\spring-security-crypto\3.1.0.RELEASE\spring-security-crypto-3.1.0.RELEASE.jar;C:\Users\Math\.m2\repository\org\springframework\security\spring-security-web\3.1.0.RELEASE\spring-security-web-3.1.0.RELEASE.jar;C:\Users\Math\git\BarManager\BarManager\target\classes
-aspectpath
C:\Users\Math\.m2\repository\org\springframework\spring-aspects\3.1.0.RELEASE\spring-aspects-3.1.0.RELEASE.jar
-d
C:\Users\Math\git\BarManager\BarManager\target\classes
C:\Users\Math\git\BarManager\BarManager\src\main\java\repn\web\UserListController.java
C:\Users\Math\git\BarManager\BarManager\src\main\java\repn\model\User.java
C:\Users\Math\git\BarManager\BarManager\src\main\java\repn\services\impl\PasswordConvertionServiceImpl.java
C:\Users\Math\git\BarManager\BarManager\src\main\java\repn\dao\UserDao.java
C:\Users\Math\git\BarManager\BarManager\src\main\java\repn\services\PasswordConvertionService.java
C:\Users\Math\git\BarManager\BarManager\src\main\java\repn\web\HomeController.java
C:\Users\Math\git\BarManager\BarManager\src\main\java\repn\web\ErrorController.java
C:\Users\Math\git\BarManager\BarManager\src\main\java\repn\services\exception\UserAlreadyExistException.java
C:\Users\Math\git\BarManager\BarManager\src\main\java\repn\web\LogOutController.java
C:\Users\Math\git\BarManager\BarManager\src\main\java\repn\dao\impl\UserDaoImpl.java
C:\Users\Math\git\BarManager\BarManager\src\main\java\repn\util\validator\UserValidator.java
C:\Users\Math\git\BarManager\BarManager\src\main\java\repn\web\NewUserController.java
C:\Users\Math\git\BarManager\BarManager\src\main\java\repn\web\LoginController.java
C:\Users\Math\git\BarManager\BarManager\src\main\java\repn\services\UserManager.java
C:\Users\Math\git\BarManager\BarManager\src\main\java\repn\services\impl\UserManagerImpl.java
C:\Users\Math\git\BarManager\BarManager\src\main\java\repn\util\DateUtils.java
